<?xml version="1.0" encoding="UTF-8"?>
<!-- Generated by org.testng.reporters.JUnitXMLReporter -->
<testsuite hostname="DESKTOP-93TCT2J" ignored="0" tests="22" failures="0" timestamp="2021-12-09T00:14:38 IST" time="1.435" errors="0">
  <testcase name="@BeforeClass startSession" time="-1.639001676819E9" classname="Utilities.CommonOps">
    <failure type="org.testng.TestNGException" message="
Parameter &amp;apos;Platform&amp;apos; is required by BeforeClass on method startSession but has not been marked @Optional or defined
">
      <![CDATA[org.testng.TestNGException: 
Parameter 'Platform' is required by BeforeClass on method startSession but has not been marked @Optional or defined

at java.util.ArrayList.forEach(ArrayList.java:1257)
... Removed 27 stack frames]]>
    </failure>
  </testcase> <!-- @BeforeClass startSession -->
  <testcase name="@AfterClass closeSession" time="-1.639001677115E9" classname="Utilities.CommonOps">
    <skipped/>
  </testcase> <!-- @AfterClass closeSession -->
  <testcase name="@BeforeClass startSession" time="-1.639001677119E9" classname="Utilities.CommonOps">
    <failure type="org.testng.TestNGException" message="
Parameter &amp;apos;Platform&amp;apos; is required by BeforeClass on method startSession but has not been marked @Optional or defined
">
      <![CDATA[org.testng.TestNGException: 
Parameter 'Platform' is required by BeforeClass on method startSession but has not been marked @Optional or defined

at java.util.ArrayList.forEach(ArrayList.java:1257)
... Removed 27 stack frames]]>
    </failure>
  </testcase> <!-- @BeforeClass startSession -->
  <testcase name="@AfterClass closeSession" time="-1.639001677165E9" classname="Utilities.CommonOps">
    <skipped/>
  </testcase> <!-- @AfterClass closeSession -->
  <testcase name="@BeforeClass startSession" time="-1.639001677165E9" classname="Utilities.CommonOps">
    <failure type="org.testng.TestNGException" message="
Parameter &amp;apos;Platform&amp;apos; is required by BeforeClass on method startSession but has not been marked @Optional or defined
">
      <![CDATA[org.testng.TestNGException: 
Parameter 'Platform' is required by BeforeClass on method startSession but has not been marked @Optional or defined

at java.util.ArrayList.forEach(ArrayList.java:1257)
... Removed 27 stack frames]]>
    </failure>
  </testcase> <!-- @BeforeClass startSession -->
  <testcase name="@AfterClass closeSession" time="-1.639001677936E9" classname="Utilities.CommonOps">
    <skipped/>
  </testcase> <!-- @AfterClass closeSession -->
  <testcase name="@BeforeClass startSession" time="-1.639001677936E9" classname="Utilities.CommonOps">
    <failure type="org.testng.TestNGException" message="
Parameter &amp;apos;Platform&amp;apos; is required by BeforeClass on method startSession but has not been marked @Optional or defined
">
      <![CDATA[org.testng.TestNGException: 
Parameter 'Platform' is required by BeforeClass on method startSession but has not been marked @Optional or defined

at java.util.ArrayList.forEach(ArrayList.java:1257)
... Removed 27 stack frames]]>
    </failure>
  </testcase> <!-- @BeforeClass startSession -->
  <testcase name="@AfterClass closeSession" time="-1.639001678037E9" classname="Utilities.CommonOps">
    <skipped/>
  </testcase> <!-- @AfterClass closeSession -->
  <testcase name="@BeforeClass startSession" time="-1.639001678038E9" classname="Utilities.CommonOps">
    <failure type="org.testng.TestNGException" message="
Parameter &amp;apos;Platform&amp;apos; is required by BeforeClass on method startSession but has not been marked @Optional or defined
">
      <![CDATA[org.testng.TestNGException: 
Parameter 'Platform' is required by BeforeClass on method startSession but has not been marked @Optional or defined

at java.util.ArrayList.forEach(ArrayList.java:1257)
... Removed 27 stack frames]]>
    </failure>
  </testcase> <!-- @BeforeClass startSession -->
  <testcase name="@AfterClass closeSession" time="-1.63900167823E9" classname="Utilities.CommonOps">
    <skipped/>
  </testcase> <!-- @AfterClass closeSession -->
  <testcase name="test1_VerifyCalcResult" time="0.0" classname="CalculatorDesktopTests">
    <skipped/>
  </testcase> <!-- test1_VerifyCalcResult -->
  <testcase name="test2_VerifyCalcResult" time="0.0" classname="CalculatorDesktopTests">
    <skipped/>
  </testcase> <!-- test2_VerifyCalcResult -->
  <testcase name="test01_VerifyCreateUserApi" time="0.0" classname="GrafanaApiTests">
    <skipped/>
  </testcase> <!-- test01_VerifyCreateUserApi -->
  <testcase name="test02_VerifyFindUserByIdApi" time="0.0" classname="GrafanaApiTests">
    <skipped/>
  </testcase> <!-- test02_VerifyFindUserByIdApi -->
  <testcase name="test03_VerifyDeleteUserById" time="0.0" classname="GrafanaApiTests">
    <skipped/>
  </testcase> <!-- test03_VerifyDeleteUserById -->
  <testcase name="test03_VerifyUpdateUserInfoById" time="0.0" classname="GrafanaApiTests">
    <skipped/>
  </testcase> <!-- test03_VerifyUpdateUserInfoById -->
  <testcase name="test01_VerifyAdminPrivilege" time="0.0" classname="GrafanaWebTests">
    <skipped/>
  </testcase> <!-- test01_VerifyAdminPrivilege -->
  <testcase name="test02_VerifyUserExistsByUserName" time="0.0" classname="GrafanaWebTests">
    <skipped/>
  </testcase> <!-- test02_VerifyUserExistsByUserName -->
  <testcase name="test03_createNewUser" time="0.0" classname="GrafanaWebTests">
    <skipped/>
  </testcase> <!-- test03_createNewUser -->
  <testcase name="test03_createNewUser" time="0.0" classname="GrafanaWebTests">
    <skipped/>
  </testcase> <!-- test03_createNewUser -->
  <testcase name="test03_createNewUser" time="0.0" classname="GrafanaWebTests">
    <skipped/>
  </testcase> <!-- test03_createNewUser -->
  <testcase name="test04_VerifyAllUsersDelete" time="0.0" classname="GrafanaWebTests">
    <skipped/>
  </testcase> <!-- test04_VerifyAllUsersDelete -->
  <testcase name="test05_VerifyAllUsersDelete" time="0.0" classname="GrafanaWebTests">
    <skipped/>
  </testcase> <!-- test05_VerifyAllUsersDelete -->
  <testcase name="test6_VerifyDashboardCreated" time="0.0" classname="GrafanaWebTests">
    <skipped/>
  </testcase> <!-- test6_VerifyDashboardCreated -->
  <testcase name="test01" time="0.0" classname="MortgageCalcAppiumTests">
    <skipped/>
  </testcase> <!-- test01 -->
  <testcase name="test02" time="0.0" classname="MortgageCalcAppiumTests">
    <skipped/>
  </testcase> <!-- test02 -->
  <testcase name="test03" time="0.0" classname="MortgageCalcAppiumTests">
    <skipped/>
  </testcase> <!-- test03 -->
  <testcase name="test04" time="0.0" classname="MortgageCalcAppiumTests">
    <skipped/>
  </testcase> <!-- test04 -->
  <testcase name="VerifyChangeOfColor" time="0.0" classname="ToDoListElectronTest">
    <skipped/>
  </testcase> <!-- VerifyChangeOfColor -->
  <testcase name="test02_createNewTask" time="0.0" classname="ToDoListElectronTest">
    <skipped/>
  </testcase> <!-- test02_createNewTask -->
  <testcase name="test02_delAllTask" time="0.0" classname="ToDoListElectronTest">
    <skipped/>
  </testcase> <!-- test02_delAllTask -->
  <testcase name="test02_delTaskByName" time="0.0" classname="ToDoListElectronTest">
    <skipped/>
  </testcase> <!-- test02_delTaskByName -->
</testsuite>
