<?xml version="1.0" encoding="UTF-8"?>
<!-- Generated by org.testng.reporters.JUnitReportReporter -->
<testsuite skipped="4" hostname="DESKTOP-93TCT2J" name="MortgageClaclAppiumTests" tests="5" failures="0" timestamp="2021-12-08T23:29:49 IST" time="-1638999040.000" errors="1">
  <testcase name="startSession" time="-1638999040.000" classname="MortgageClaclAppiumTests">
    <error type="org.testng.TestNGException" message="
Parameter &#039;Platform&#039; is required by BeforeClass on method startSession but has not been marked @Optional or defined
">
      <![CDATA[org.testng.TestNGException: 
Parameter 'Platform' is required by BeforeClass on method startSession but has not been marked @Optional or defined

at org.testng.internal.Parameters.createParams(Parameters.java:270)
at org.testng.internal.Parameters.createParametersForMethod(Parameters.java:358)
at org.testng.internal.Parameters.createParameters(Parameters.java:700)
at org.testng.internal.Parameters.createConfigurationParameters(Parameters.java:168)
at org.testng.internal.ConfigInvoker.invokeConfigurations(ConfigInvoker.java:302)
at org.testng.internal.TestMethodWorker.invokeBeforeClassMethods(TestMethodWorker.java:176)
at org.testng.internal.TestMethodWorker.run(TestMethodWorker.java:122)
at java.util.ArrayList.forEach(ArrayList.java:1257)
at org.testng.TestRunner.privateRun(TestRunner.java:794)
at org.testng.TestRunner.run(TestRunner.java:596)
at org.testng.SuiteRunner.runTest(SuiteRunner.java:377)
at org.testng.SuiteRunner.runSequentially(SuiteRunner.java:371)
at org.testng.SuiteRunner.privateRun(SuiteRunner.java:332)
at org.testng.SuiteRunner.run(SuiteRunner.java:276)
at org.testng.SuiteRunnerWorker.runSuite(SuiteRunnerWorker.java:53)
at org.testng.SuiteRunnerWorker.run(SuiteRunnerWorker.java:96)
at org.testng.TestNG.runSuitesSequentially(TestNG.java:1212)
at org.testng.TestNG.runSuitesLocally(TestNG.java:1134)
at org.testng.TestNG.runSuites(TestNG.java:1063)
at org.testng.TestNG.run(TestNG.java:1031)
at org.apache.maven.surefire.testng.TestNGExecutor.run(TestNGExecutor.java:135)
at org.apache.maven.surefire.testng.TestNGDirectoryTestSuite.executeMulti(TestNGDirectoryTestSuite.java:193)
at org.apache.maven.surefire.testng.TestNGDirectoryTestSuite.execute(TestNGDirectoryTestSuite.java:94)
at org.apache.maven.surefire.testng.TestNGProvider.invoke(TestNGProvider.java:146)
at org.apache.maven.surefire.booter.ForkedBooter.invokeProviderInSameClassLoader(ForkedBooter.java:384)
at org.apache.maven.surefire.booter.ForkedBooter.runSuitesInProcess(ForkedBooter.java:345)
at org.apache.maven.surefire.booter.ForkedBooter.execute(ForkedBooter.java:126)
at org.apache.maven.surefire.booter.ForkedBooter.main(ForkedBooter.java:418)
]]>
    </error>
  </testcase> <!-- startSession -->
  <system-out/>
  <testcase name="test03" time="0.000" classname="MortgageClaclAppiumTests">
    <skipped/>
  </testcase> <!-- test03 -->
  <system-out/>
  <testcase name="test01" time="0.000" classname="MortgageClaclAppiumTests">
    <skipped/>
  </testcase> <!-- test01 -->
  <system-out/>
  <testcase name="test04" time="0.000" classname="MortgageClaclAppiumTests">
    <skipped/>
  </testcase> <!-- test04 -->
  <system-out/>
  <testcase name="test02" time="0.000" classname="MortgageClaclAppiumTests">
    <skipped/>
  </testcase> <!-- test02 -->
  <system-out/>
</testsuite> <!-- MortgageClaclAppiumTests -->
